mode: set
github.com/GeorgianBadita/backgammon/pkg/board/move.go:17.39,19.60 2 1
github.com/GeorgianBadita/backgammon/pkg/board/move.go:39.2,39.21 1 1
github.com/GeorgianBadita/backgammon/pkg/board/move.go:19.60,23.110 3 1
github.com/GeorgianBadita/backgammon/pkg/board/move.go:23.110,25.62 1 1
github.com/GeorgianBadita/backgammon/pkg/board/move.go:30.4,31.47 2 1
github.com/GeorgianBadita/backgammon/pkg/board/move.go:25.62,27.5 1 1
github.com/GeorgianBadita/backgammon/pkg/board/move.go:27.10,29.5 1 0
github.com/GeorgianBadita/backgammon/pkg/board/move.go:32.9,35.4 2 1
github.com/GeorgianBadita/backgammon/pkg/board/move.go:36.8,36.39 1 0
github.com/GeorgianBadita/backgammon/pkg/board/move.go:36.39,38.3 1 0
github.com/GeorgianBadita/backgammon/pkg/board/move.go:44.52,46.41 2 1
github.com/GeorgianBadita/backgammon/pkg/board/move.go:49.2,49.21 1 1
github.com/GeorgianBadita/backgammon/pkg/board/move.go:46.41,48.3 1 1
github.com/GeorgianBadita/backgammon/pkg/board/board.go:17.38,19.2 1 1
github.com/GeorgianBadita/backgammon/pkg/board/board.go:27.31,29.2 1 0
github.com/GeorgianBadita/backgammon/pkg/board/board.go:31.67,33.2 1 1
github.com/GeorgianBadita/backgammon/pkg/board/board.go:40.34,80.49 11 1
github.com/GeorgianBadita/backgammon/pkg/board/board.go:88.2,91.29 3 1
github.com/GeorgianBadita/backgammon/pkg/board/board.go:80.49,81.49 1 1
github.com/GeorgianBadita/backgammon/pkg/board/board.go:81.49,83.4 1 1
github.com/GeorgianBadita/backgammon/pkg/board/board.go:83.9,85.4 1 1
github.com/GeorgianBadita/backgammon/pkg/board/board.go:95.34,101.2 5 1
github.com/GeorgianBadita/backgammon/pkg/board/board.go:109.45,112.98 2 0
github.com/GeorgianBadita/backgammon/pkg/board/board.go:115.2,115.98 1 0
github.com/GeorgianBadita/backgammon/pkg/board/board.go:121.2,124.65 3 0
github.com/GeorgianBadita/backgammon/pkg/board/board.go:129.2,129.72 1 0
github.com/GeorgianBadita/backgammon/pkg/board/board.go:133.2,133.20 1 0
github.com/GeorgianBadita/backgammon/pkg/board/board.go:112.98,114.3 1 0
github.com/GeorgianBadita/backgammon/pkg/board/board.go:115.98,117.3 1 0
github.com/GeorgianBadita/backgammon/pkg/board/board.go:124.65,126.3 1 0
github.com/GeorgianBadita/backgammon/pkg/board/board.go:129.72,131.3 1 0
github.com/GeorgianBadita/backgammon/pkg/board/board.go:136.58,137.21 1 0
github.com/GeorgianBadita/backgammon/pkg/board/board.go:143.2,143.53 1 0
github.com/GeorgianBadita/backgammon/pkg/board/board.go:137.21,139.25 2 0
github.com/GeorgianBadita/backgammon/pkg/board/board.go:139.25,141.4 1 0
github.com/GeorgianBadita/backgammon/pkg/board/board.go:147.32,153.50 5 0
github.com/GeorgianBadita/backgammon/pkg/board/board.go:159.2,162.33 3 0
github.com/GeorgianBadita/backgammon/pkg/board/board.go:168.2,170.32 3 0
github.com/GeorgianBadita/backgammon/pkg/board/board.go:153.50,155.16 2 0
github.com/GeorgianBadita/backgammon/pkg/board/board.go:155.16,157.4 1 0
github.com/GeorgianBadita/backgammon/pkg/board/board.go:162.33,164.15 2 0
github.com/GeorgianBadita/backgammon/pkg/board/board.go:164.15,166.4 1 0
github.com/GeorgianBadita/backgammon/pkg/board/board.go:173.42,181.17 7 0
github.com/GeorgianBadita/backgammon/pkg/board/board.go:194.2,194.20 1 0
github.com/GeorgianBadita/backgammon/pkg/board/board.go:181.17,182.17 1 0
github.com/GeorgianBadita/backgammon/pkg/board/board.go:182.17,184.4 1 0
github.com/GeorgianBadita/backgammon/pkg/board/board.go:184.9,186.4 1 0
github.com/GeorgianBadita/backgammon/pkg/board/board.go:187.8,188.37 1 0
github.com/GeorgianBadita/backgammon/pkg/board/board.go:188.37,190.4 1 0
github.com/GeorgianBadita/backgammon/pkg/board/board.go:190.9,192.4 1 0
github.com/GeorgianBadita/backgammon/pkg/board/board.go:197.39,198.37 1 1
github.com/GeorgianBadita/backgammon/pkg/board/board.go:202.2,202.58 1 1
github.com/GeorgianBadita/backgammon/pkg/board/board.go:210.2,210.13 1 1
github.com/GeorgianBadita/backgammon/pkg/board/board.go:198.37,200.3 1 0
github.com/GeorgianBadita/backgammon/pkg/board/board.go:202.58,203.64 1 1
github.com/GeorgianBadita/backgammon/pkg/board/board.go:206.3,206.100 1 1
github.com/GeorgianBadita/backgammon/pkg/board/board.go:203.64,205.4 1 0
github.com/GeorgianBadita/backgammon/pkg/board/board.go:206.100,208.4 1 0
github.com/GeorgianBadita/backgammon/pkg/board/board.go:213.51,215.32 2 0
github.com/GeorgianBadita/backgammon/pkg/board/board.go:220.2,220.10 1 0
github.com/GeorgianBadita/backgammon/pkg/board/board.go:215.32,216.43 1 0
github.com/GeorgianBadita/backgammon/pkg/board/board.go:216.43,218.4 1 0
github.com/GeorgianBadita/backgammon/pkg/board/board.go:223.50,225.26 2 0
github.com/GeorgianBadita/backgammon/pkg/board/board.go:234.2,234.10 1 0
github.com/GeorgianBadita/backgammon/pkg/board/board.go:225.26,226.32 1 0
github.com/GeorgianBadita/backgammon/pkg/board/board.go:226.32,228.4 1 0
github.com/GeorgianBadita/backgammon/pkg/board/board.go:229.8,230.51 1 0
github.com/GeorgianBadita/backgammon/pkg/board/board.go:230.51,232.4 1 0
github.com/GeorgianBadita/backgammon/pkg/board/board.go:237.54,240.22 3 0
github.com/GeorgianBadita/backgammon/pkg/board/board.go:298.2,298.18 1 0
github.com/GeorgianBadita/backgammon/pkg/board/board.go:240.22,241.22 1 0
github.com/GeorgianBadita/backgammon/pkg/board/board.go:246.3,246.43 1 0
github.com/GeorgianBadita/backgammon/pkg/board/board.go:255.3,255.26 1 0
github.com/GeorgianBadita/backgammon/pkg/board/board.go:241.22,244.4 1 0
github.com/GeorgianBadita/backgammon/pkg/board/board.go:246.43,249.44 3 0
github.com/GeorgianBadita/backgammon/pkg/board/board.go:249.44,251.5 1 0
github.com/GeorgianBadita/backgammon/pkg/board/board.go:255.26,256.44 1 0
github.com/GeorgianBadita/backgammon/pkg/board/board.go:256.44,258.5 1 0
github.com/GeorgianBadita/backgammon/pkg/board/board.go:260.8,261.43 1 0
github.com/GeorgianBadita/backgammon/pkg/board/board.go:292.3,292.26 1 0
github.com/GeorgianBadita/backgammon/pkg/board/board.go:261.43,265.44 4 0
github.com/GeorgianBadita/backgammon/pkg/board/board.go:285.4,285.27 1 0
github.com/GeorgianBadita/backgammon/pkg/board/board.go:265.44,269.45 4 0
github.com/GeorgianBadita/backgammon/pkg/board/board.go:278.5,278.28 1 0
github.com/GeorgianBadita/backgammon/pkg/board/board.go:269.45,273.46 4 0
github.com/GeorgianBadita/backgammon/pkg/board/board.go:273.46,275.7 1 0
github.com/GeorgianBadita/backgammon/pkg/board/board.go:278.28,279.46 1 0
github.com/GeorgianBadita/backgammon/pkg/board/board.go:279.46,281.7 1 0
github.com/GeorgianBadita/backgammon/pkg/board/board.go:285.27,286.45 1 0
github.com/GeorgianBadita/backgammon/pkg/board/board.go:286.45,288.6 1 0
github.com/GeorgianBadita/backgammon/pkg/board/board.go:292.26,293.44 1 0
github.com/GeorgianBadita/backgammon/pkg/board/board.go:293.44,295.5 1 0
github.com/GeorgianBadita/backgammon/pkg/board/board.go:301.53,304.30 3 0
github.com/GeorgianBadita/backgammon/pkg/board/board.go:312.2,312.12 1 0
github.com/GeorgianBadita/backgammon/pkg/board/board.go:305.19,306.46 1 0
github.com/GeorgianBadita/backgammon/pkg/board/board.go:307.23,308.49 1 0
github.com/GeorgianBadita/backgammon/pkg/board/board.go:309.19,310.46 1 0
github.com/GeorgianBadita/backgammon/pkg/board/board.go:317.61,320.34 3 0
github.com/GeorgianBadita/backgammon/pkg/board/board.go:324.2,324.49 1 0
github.com/GeorgianBadita/backgammon/pkg/board/board.go:332.2,332.14 1 0
github.com/GeorgianBadita/backgammon/pkg/board/board.go:320.34,322.3 1 0
github.com/GeorgianBadita/backgammon/pkg/board/board.go:324.49,325.85 1 0
github.com/GeorgianBadita/backgammon/pkg/board/board.go:325.85,327.55 2 0
github.com/GeorgianBadita/backgammon/pkg/board/board.go:327.55,329.5 1 0
github.com/GeorgianBadita/backgammon/pkg/board/board.go:337.64,339.34 2 0
github.com/GeorgianBadita/backgammon/pkg/board/board.go:356.2,356.14 1 0
github.com/GeorgianBadita/backgammon/pkg/board/board.go:339.34,340.51 1 0
github.com/GeorgianBadita/backgammon/pkg/board/board.go:340.51,343.34 2 0
github.com/GeorgianBadita/backgammon/pkg/board/board.go:343.34,345.5 1 0
github.com/GeorgianBadita/backgammon/pkg/board/board.go:347.8,348.32 1 0
github.com/GeorgianBadita/backgammon/pkg/board/board.go:348.32,351.34 2 0
github.com/GeorgianBadita/backgammon/pkg/board/board.go:351.34,353.5 1 0
github.com/GeorgianBadita/backgammon/pkg/board/board.go:361.61,365.34 3 0
github.com/GeorgianBadita/backgammon/pkg/board/board.go:387.2,387.34 1 0
github.com/GeorgianBadita/backgammon/pkg/board/board.go:422.2,422.29 1 0
github.com/GeorgianBadita/backgammon/pkg/board/board.go:425.2,425.14 1 0
github.com/GeorgianBadita/backgammon/pkg/board/board.go:365.34,366.32 1 0
github.com/GeorgianBadita/backgammon/pkg/board/board.go:366.32,367.86 1 0
github.com/GeorgianBadita/backgammon/pkg/board/board.go:367.86,369.56 2 0
github.com/GeorgianBadita/backgammon/pkg/board/board.go:369.56,371.6 1 0
github.com/GeorgianBadita/backgammon/pkg/board/board.go:374.8,375.51 1 0
github.com/GeorgianBadita/backgammon/pkg/board/board.go:375.51,376.86 1 0
github.com/GeorgianBadita/backgammon/pkg/board/board.go:376.86,378.56 2 0
github.com/GeorgianBadita/backgammon/pkg/board/board.go:378.56,380.6 1 0
github.com/GeorgianBadita/backgammon/pkg/board/board.go:387.34,389.33 2 0
github.com/GeorgianBadita/backgammon/pkg/board/board.go:395.3,395.37 1 0
github.com/GeorgianBadita/backgammon/pkg/board/board.go:400.3,400.95 1 0
github.com/GeorgianBadita/backgammon/pkg/board/board.go:389.33,390.86 1 0
github.com/GeorgianBadita/backgammon/pkg/board/board.go:390.86,392.10 2 0
github.com/GeorgianBadita/backgammon/pkg/board/board.go:395.37,397.4 1 0
github.com/GeorgianBadita/backgammon/pkg/board/board.go:400.95,402.4 1 0
github.com/GeorgianBadita/backgammon/pkg/board/board.go:403.8,405.51 2 0
github.com/GeorgianBadita/backgammon/pkg/board/board.go:411.3,411.55 1 0
github.com/GeorgianBadita/backgammon/pkg/board/board.go:417.3,417.131 1 0
github.com/GeorgianBadita/backgammon/pkg/board/board.go:405.51,406.86 1 0
github.com/GeorgianBadita/backgammon/pkg/board/board.go:406.86,408.10 2 0
github.com/GeorgianBadita/backgammon/pkg/board/board.go:411.55,413.4 1 0
github.com/GeorgianBadita/backgammon/pkg/board/board.go:417.131,419.4 1 0
github.com/GeorgianBadita/backgammon/pkg/board/board.go:422.29,424.3 1 0
github.com/GeorgianBadita/backgammon/pkg/board/board.go:432.78,434.19 2 0
github.com/GeorgianBadita/backgammon/pkg/board/board.go:438.2,439.86 2 0
github.com/GeorgianBadita/backgammon/pkg/board/board.go:442.2,442.13 1 0
github.com/GeorgianBadita/backgammon/pkg/board/board.go:434.19,436.3 1 0
github.com/GeorgianBadita/backgammon/pkg/board/board.go:439.86,441.3 1 0
